SF:modules\movie\lib\domain\usecases\get_movie_detail.dart
DA:9,1
DA:11,1
DA:12,2
LF:3
LH:3
end_of_record
SF:modules\movie\lib\domain\usecases\get_movie_recommendations.dart
DA:9,1
DA:11,1
DA:12,2
LF:3
LH:3
end_of_record
SF:modules\movie\lib\domain\usecases\get_now_playing_movies.dart
DA:9,1
DA:11,1
DA:12,2
LF:3
LH:3
end_of_record
SF:modules\movie\lib\domain\usecases\get_popular_movies.dart
DA:9,1
DA:11,1
DA:12,2
LF:3
LH:3
end_of_record
SF:modules\movie\lib\domain\usecases\get_top_rated_movies.dart
DA:9,1
DA:11,1
DA:12,2
LF:3
LH:3
end_of_record
SF:modules\movie\lib\domain\usecases\get_watchlist_movies.dart
DA:9,1
DA:11,1
DA:12,2
LF:3
LH:3
end_of_record
SF:modules\movie\lib\domain\usecases\get_watchlist_status.dart
DA:6,1
DA:8,1
DA:9,2
LF:3
LH:3
end_of_record
SF:modules\movie\lib\domain\usecases\remove_watchlist.dart
DA:9,1
DA:11,1
DA:12,2
LF:3
LH:3
end_of_record
SF:modules\movie\lib\domain\usecases\save_watchlist.dart
DA:9,1
DA:11,1
DA:12,2
LF:3
LH:3
end_of_record
SF:modules\movie\lib\domain\usecases\search_movies.dart
DA:9,1
DA:11,1
DA:12,2
LF:3
LH:3
end_of_record
SF:modules\movie\lib\presentation\bloc\movie_detail\movie_detail_state.dart
DA:4,4
DA:6,1
DA:7,1
DA:17,3
DA:19,1
DA:20,2
DA:26,2
DA:28,1
DA:29,2
LF:9
LH:9
end_of_record
SF:modules\movie\lib\presentation\bloc\movie_detail\movie_detail_event.dart
DA:4,2
DA:6,0
DA:7,0
DA:13,2
DA:15,0
DA:16,0
LF:6
LH:2
end_of_record
SF:modules\movie\lib\presentation\bloc\movie_detail\movie_detail_bloc.dart
DA:12,3
DA:13,2
DA:14,2
DA:16,3
DA:17,1
DA:18,1
DA:19,3
DA:21,1
DA:22,2
LF:9
LH:9
end_of_record
SF:modules\movie\lib\presentation\bloc\movie_detail_recommendation\movie_detail_recommendation_state.dart
DA:4,4
DA:6,1
DA:7,1
DA:20,2
DA:22,1
DA:23,2
DA:30,2
DA:32,1
DA:33,2
LF:9
LH:9
end_of_record
SF:modules\movie\lib\presentation\bloc\movie_detail_recommendation\movie_detail_recommendation_event.dart
DA:4,2
DA:6,0
DA:7,0
DA:13,2
DA:15,0
DA:16,0
LF:6
LH:2
end_of_record
SF:modules\movie\lib\presentation\bloc\movie_detail_recommendation\movie_detail_recommendation_bloc.dart
DA:13,1
DA:14,2
DA:15,2
DA:16,2
DA:18,3
DA:19,1
DA:20,1
DA:21,3
DA:23,1
DA:24,2
LF:10
LH:10
end_of_record
SF:modules\movie\lib\presentation\bloc\movie_detail_watchlist_status\movie_detail_watchlist_status_bloc.dart
DA:15,1
DA:17,2
DA:18,2
DA:19,3
DA:21,2
DA:24,2
DA:25,3
DA:27,1
DA:28,1
DA:29,1
DA:31,1
DA:36,4
DA:37,2
DA:40,2
DA:41,3
DA:43,1
DA:44,1
DA:45,1
DA:47,1
DA:52,4
DA:53,2
DA:56,2
DA:57,3
LF:23
LH:23
end_of_record
SF:modules\movie\lib\presentation\bloc\movie_detail_watchlist_status\movie_detail_watchlist_status_event.dart
DA:4,3
DA:6,0
DA:7,0
DA:13,2
DA:15,0
DA:16,0
DA:22,1
DA:24,0
DA:25,0
DA:31,1
DA:33,0
DA:34,0
DA:40,1
DA:42,0
DA:43,0
LF:15
LH:5
end_of_record
SF:modules\movie\lib\presentation\bloc\movie_detail_watchlist_status\movie_detail_watchlist_status_state.dart
DA:4,3
DA:6,1
DA:7,1
DA:20,3
DA:23,1
DA:24,5
LF:6
LH:6
end_of_record
SF:modules\movie\lib\presentation\bloc\now_playing\now_playing_bloc.dart
DA:12,3
DA:13,2
DA:14,2
DA:16,2
DA:17,2
DA:18,3
DA:19,1
DA:20,2
LF:8
LH:8
end_of_record
SF:modules\movie\lib\presentation\bloc\now_playing\now_playing_state.dart
DA:4,6
DA:6,1
DA:7,1
DA:17,4
DA:19,1
DA:20,2
DA:26,3
DA:28,1
DA:29,2
LF:9
LH:9
end_of_record
SF:modules\movie\lib\presentation\bloc\now_playing\now_playing_event.dart
DA:4,3
DA:6,0
DA:7,0
LF:3
LH:1
end_of_record
SF:modules\movie\lib\presentation\bloc\popular\popular_movies_state.dart
DA:4,6
DA:6,1
DA:7,1
DA:17,4
DA:19,1
DA:20,2
DA:26,3
DA:28,1
DA:29,2
LF:9
LH:9
end_of_record
SF:modules\movie\lib\presentation\bloc\popular\popular_movies_bloc.dart
DA:11,3
DA:12,2
DA:13,2
DA:14,2
DA:16,1
DA:17,1
DA:18,3
DA:20,1
DA:21,2
LF:9
LH:9
end_of_record
SF:modules\movie\lib\presentation\bloc\popular\popular_movies_event.dart
DA:4,3
DA:6,0
DA:7,0
LF:3
LH:1
end_of_record
SF:modules\movie\lib\presentation\bloc\search\search_bloc.dart
DA:13,3
DA:14,2
DA:15,1
DA:17,2
DA:19,2
DA:21,2
DA:22,3
DA:23,1
DA:24,2
DA:26,1
DA:29,1
DA:30,3
LF:12
LH:12
end_of_record
SF:modules\movie\lib\presentation\bloc\search\search_state.dart
DA:4,4
DA:6,1
DA:7,1
DA:17,3
DA:19,1
DA:20,2
DA:26,2
DA:28,1
DA:29,2
LF:9
LH:9
end_of_record
SF:modules\movie\lib\presentation\bloc\search\search_event.dart
DA:4,1
DA:6,0
DA:7,0
DA:13,1
DA:15,0
DA:16,0
LF:6
LH:2
end_of_record
SF:modules\movie\lib\presentation\bloc\top_rated\top_rated_movies_bloc.dart
DA:13,3
DA:14,2
DA:15,2
DA:17,2
DA:18,1
DA:19,1
DA:20,3
DA:22,1
DA:23,2
LF:9
LH:9
end_of_record
SF:modules\movie\lib\presentation\bloc\top_rated\top_rated_movies_event.dart
DA:4,3
DA:6,0
DA:7,0
LF:3
LH:1
end_of_record
SF:modules\movie\lib\presentation\bloc\top_rated\top_rated_movies_state.dart
DA:4,6
DA:6,1
DA:7,1
DA:17,4
DA:19,1
DA:20,2
DA:26,3
DA:28,1
DA:29,2
LF:9
LH:9
end_of_record
SF:modules\movie\lib\presentation\bloc\watchlist\watchlist_movie_state.dart
DA:4,4
DA:6,1
DA:7,1
DA:17,3
DA:19,1
DA:20,2
DA:26,3
DA:28,1
DA:29,2
LF:9
LH:9
end_of_record
SF:modules\movie\lib\presentation\bloc\watchlist\watchlist_movie_bloc.dart
DA:13,3
DA:14,2
DA:15,2
DA:17,2
DA:18,1
DA:19,1
DA:20,3
DA:22,1
DA:23,2
LF:9
LH:9
end_of_record
SF:modules\movie\lib\presentation\bloc\watchlist\watchlist_movie_event.dart
DA:4,2
DA:6,0
DA:7,0
LF:3
LH:1
end_of_record
SF:modules\movie\lib\presentation\pages\movie_detail_page.dart
DA:15,1
DA:17,1
DA:19,1
DA:23,1
DA:25,1
DA:26,6
DA:27,1
DA:28,1
DA:29,4
DA:30,1
DA:31,1
DA:32,4
DA:35,1
DA:37,1
DA:38,1
DA:39,1
DA:40,1
DA:44,1
DA:45,1
DA:46,1
DA:47,1
DA:51,1
DA:52,1
DA:54,1
DA:55,1
DA:74,1
DA:76,1
DA:78,3
DA:79,1
DA:80,1
DA:81,1
DA:82,3
DA:84,1
DA:87,0
DA:89,1
DA:91,1
DA:92,1
DA:93,1
DA:103,1
DA:104,1
DA:105,1
DA:107,1
DA:109,1
DA:111,1
DA:112,1
DA:113,2
DA:114,1
DA:116,1
DA:118,1
DA:120,1
DA:121,1
DA:122,1
DA:123,1
DA:124,1
DA:125,1
DA:127,0
DA:128,0
DA:129,0
DA:130,0
DA:131,0
DA:132,0
DA:134,1
DA:136,0
DA:138,0
DA:139,0
DA:140,0
DA:144,1
DA:145,0
DA:146,0
DA:148,0
DA:150,0
DA:153,0
DA:155,0
DA:158,1
DA:160,1
DA:161,1
DA:169,0
DA:173,1
DA:174,3
DA:176,1
DA:177,3
DA:179,1
DA:180,1
DA:181,1
DA:182,3
DA:184,1
DA:190,4
DA:194,1
DA:196,1
DA:198,1
DA:199,2
DA:202,1
DA:204,1
DA:206,1
DA:208,1
DA:209,1
DA:214,1
DA:215,0
DA:217,1
DA:218,1
DA:220,1
DA:222,0
DA:223,0
DA:224,0
DA:226,0
DA:227,0
DA:228,0
DA:231,0
DA:234,0
DA:239,0
DA:241,0
DA:242,0
DA:248,0
DA:255,2
DA:259,0
DA:267,1
DA:269,1
DA:284,1
DA:286,1
DA:289,1
DA:291,0
DA:292,0
DA:301,1
DA:303,2
DA:304,3
DA:307,1
DA:311,3
DA:314,1
DA:315,1
DA:316,1
DA:318,1
DA:319,1
DA:321,0
LF:133
LH:98
end_of_record
SF:modules\movie\lib\presentation\pages\now_playing_movies_page.dart
DA:9,1
DA:11,1
DA:13,1
DA:17,1
DA:19,1
DA:20,4
DA:23,1
DA:25,1
DA:26,1
DA:29,1
DA:31,1
DA:32,1
DA:33,1
DA:37,1
DA:38,1
DA:39,0
DA:40,0
DA:41,0
DA:43,2
DA:45,1
DA:46,1
DA:48,2
LF:22
LH:19
end_of_record
SF:modules\movie\lib\presentation\pages\popular_movies_page.dart
DA:9,1
DA:11,1
DA:13,1
DA:17,1
DA:19,1
DA:20,4
DA:23,1
DA:25,1
DA:26,1
DA:29,1
DA:31,1
DA:32,1
DA:33,1
DA:37,1
DA:38,1
DA:39,0
DA:40,0
DA:41,0
DA:43,2
DA:45,1
DA:46,1
DA:48,2
LF:22
LH:19
end_of_record
SF:modules\movie\lib\presentation\pages\search_page.dart
DA:10,1
DA:12,1
DA:14,1
DA:15,1
DA:18,1
DA:20,1
DA:22,1
DA:23,1
DA:24,0
DA:25,0
DA:35,1
DA:37,1
DA:39,1
DA:40,1
DA:41,1
DA:45,1
DA:46,1
DA:47,1
DA:48,1
DA:50,0
DA:51,0
DA:52,0
DA:54,1
DA:57,1
DA:58,1
DA:59,1
DA:61,2
LF:27
LH:22
end_of_record
SF:modules\movie\lib\presentation\pages\top_rated_movies_page.dart
DA:9,1
DA:11,1
DA:13,1
DA:17,1
DA:19,1
DA:20,4
DA:23,1
DA:25,1
DA:26,1
DA:29,1
DA:31,1
DA:32,1
DA:33,1
DA:37,1
DA:38,1
DA:39,0
DA:40,0
DA:41,0
DA:43,2
DA:45,1
DA:46,1
DA:48,2
LF:22
LH:19
end_of_record
SF:modules\movie\lib\presentation\pages\watchlist_movies_page.dart
DA:10,1
DA:12,1
DA:14,1
DA:19,1
DA:21,1
DA:22,4
DA:25,1
DA:27,1
DA:28,4
DA:31,0
DA:33,0
DA:36,1
DA:38,1
DA:39,1
DA:42,1
DA:44,1
DA:45,1
DA:46,1
DA:50,1
DA:51,1
DA:52,1
DA:53,2
DA:54,1
DA:56,2
DA:58,1
DA:59,1
DA:61,2
DA:75,1
DA:77,2
DA:78,1
LF:30
LH:28
end_of_record
SF:modules\movie\lib\presentation\pages\home_movie_page.dart
DA:12,1
DA:14,1
DA:16,1
DA:20,1
DA:22,1
DA:23,4
DA:24,4
DA:25,4
DA:28,1
DA:30,1
DA:31,1
DA:32,1
DA:33,1
DA:41,1
DA:44,0
DA:45,0
DA:48,1
DA:51,0
DA:52,0
DA:55,1
DA:58,0
DA:59,0
DA:62,1
DA:63,0
DA:64,0
DA:72,1
DA:74,1
DA:75,1
DA:76,0
DA:77,0
DA:83,1
DA:85,1
DA:86,1
DA:88,1
DA:89,1
DA:91,0
DA:94,1
DA:95,1
DA:96,1
DA:100,1
DA:101,2
DA:110,1
DA:112,0
DA:113,0
DA:115,1
DA:116,1
DA:117,1
DA:121,1
DA:122,2
DA:131,1
DA:133,0
DA:134,0
DA:136,1
DA:137,1
DA:138,1
DA:142,1
DA:143,2
DA:159,1
DA:160,1
DA:162,1
DA:163,1
DA:165,1
DA:167,1
DA:184,1
DA:186,1
DA:188,1
DA:190,1
DA:192,0
DA:193,0
DA:194,0
DA:196,0
DA:197,0
DA:198,0
DA:201,0
DA:204,0
DA:206,0
DA:207,0
DA:208,0
DA:211,0
DA:217,2
LF:80
LH:53
end_of_record
SF:modules\movie\lib\presentation\widgets\movie_card_list.dart
DA:11,1
DA:13,1
DA:15,1
DA:17,1
DA:18,0
DA:19,0
DA:22,0
DA:25,1
DA:27,1
DA:28,1
DA:29,1
DA:35,1
DA:37,1
DA:38,1
DA:39,2
DA:42,1
DA:45,1
DA:46,2
DA:54,1
DA:59,1
DA:61,1
DA:62,3
DA:64,1
DA:67,0
LF:24
LH:20
end_of_record
