SF:modules\tv_series\lib\domain\usecases\get_detail_season.dart
DA:9,0
DA:11,0
DA:13,0
LF:3
LH:0
end_of_record
SF:modules\tv_series\lib\domain\usecases\get_now_playing_tv_series.dart
DA:9,1
DA:11,1
DA:12,2
LF:3
LH:3
end_of_record
SF:modules\tv_series\lib\domain\usecases\get_popular_tv_series.dart
DA:9,1
DA:11,1
DA:12,2
LF:3
LH:3
end_of_record
SF:modules\tv_series\lib\domain\usecases\get_top_rated_tv_series.dart
DA:9,1
DA:11,1
DA:12,2
LF:3
LH:3
end_of_record
SF:modules\tv_series\lib\domain\usecases\get_tv_series_detail.dart
DA:9,1
DA:11,1
DA:12,2
LF:3
LH:3
end_of_record
SF:modules\tv_series\lib\domain\usecases\get_tv_series_recommendations.dart
DA:9,1
DA:11,1
DA:12,2
LF:3
LH:3
end_of_record
SF:modules\tv_series\lib\domain\usecases\get_watchlist_status_tv_series.dart
DA:6,1
DA:8,1
DA:9,2
LF:3
LH:3
end_of_record
SF:modules\tv_series\lib\domain\usecases\get_watchlist_tv_series.dart
DA:9,1
DA:11,1
DA:12,2
LF:3
LH:3
end_of_record
SF:modules\tv_series\lib\domain\usecases\remove_watchlist_tv_series.dart
DA:9,1
DA:11,1
DA:12,2
LF:3
LH:3
end_of_record
SF:modules\tv_series\lib\domain\usecases\save_watchlist_tv_series.dart
DA:9,1
DA:11,1
DA:12,2
LF:3
LH:3
end_of_record
SF:modules\tv_series\lib\domain\usecases\search_tv_series.dart
DA:9,1
DA:11,1
DA:12,2
LF:3
LH:3
end_of_record
SF:modules\tv_series\lib\presentation\bloc\now_playing\now_playing_tv_series_bloc.dart
DA:13,1
DA:14,2
DA:15,2
DA:16,2
DA:18,2
DA:19,2
DA:20,3
DA:21,1
DA:22,2
LF:9
LH:9
end_of_record
SF:modules\tv_series\lib\presentation\bloc\now_playing\now_playing_tv_series_state.dart
DA:4,6
DA:6,1
DA:7,1
DA:17,4
DA:19,1
DA:20,2
DA:26,3
DA:28,1
DA:29,2
LF:9
LH:9
end_of_record
SF:modules\tv_series\lib\presentation\bloc\now_playing\now_playing_tv_series_event.dart
DA:4,3
DA:6,0
DA:7,0
LF:3
LH:1
end_of_record
SF:modules\tv_series\lib\presentation\bloc\popular\popular_tv_series_state.dart
DA:4,6
DA:6,1
DA:7,1
DA:17,4
DA:19,1
DA:20,2
DA:26,3
DA:28,1
DA:29,2
LF:9
LH:9
end_of_record
SF:modules\tv_series\lib\presentation\bloc\popular\popular_tv_series_bloc.dart
DA:13,1
DA:14,2
DA:15,2
DA:16,2
DA:18,2
DA:19,1
DA:20,1
DA:21,3
DA:23,1
DA:24,2
LF:10
LH:10
end_of_record
SF:modules\tv_series\lib\presentation\bloc\popular\popular_tv_series_event.dart
DA:4,3
DA:6,0
DA:7,0
LF:3
LH:1
end_of_record
SF:modules\tv_series\lib\presentation\bloc\search\search_tv_series_state.dart
DA:4,4
DA:6,1
DA:7,1
DA:17,3
DA:19,1
DA:20,2
DA:26,2
DA:28,1
DA:29,2
LF:9
LH:9
end_of_record
SF:modules\tv_series\lib\presentation\bloc\search\search_tv_series_event.dart
DA:4,1
DA:6,0
DA:7,0
DA:13,1
DA:15,0
DA:16,0
LF:6
LH:2
end_of_record
SF:modules\tv_series\lib\presentation\bloc\search\search_tv_series_bloc.dart
DA:14,3
DA:15,2
DA:16,2
DA:17,1
DA:19,2
DA:21,1
DA:22,1
DA:23,3
DA:25,1
DA:26,2
DA:29,1
DA:32,1
DA:33,3
LF:13
LH:13
end_of_record
SF:modules\tv_series\lib\presentation\bloc\season_detail\season_detail_event.dart
DA:4,2
DA:6,0
DA:7,0
DA:14,2
DA:16,0
DA:17,0
DA:18,0
DA:19,0
LF:8
LH:2
end_of_record
SF:modules\tv_series\lib\presentation\bloc\season_detail\season_detail_bloc.dart
DA:12,3
DA:13,2
DA:14,2
DA:17,4
DA:19,1
DA:20,1
DA:21,3
DA:23,1
DA:24,2
LF:9
LH:9
end_of_record
SF:modules\tv_series\lib\presentation\bloc\season_detail\season_detail_state.dart
DA:4,4
DA:6,1
DA:7,1
DA:17,3
DA:19,1
DA:20,2
DA:26,3
DA:28,1
DA:29,2
LF:9
LH:9
end_of_record
SF:modules\tv_series\lib\presentation\bloc\top_rated\top_rated_tv_series_event.dart
DA:4,3
DA:6,0
DA:7,0
LF:3
LH:1
end_of_record
SF:modules\tv_series\lib\presentation\bloc\top_rated\top_rated_tv_series_bloc.dart
DA:13,1
DA:14,2
DA:15,2
DA:16,2
DA:18,2
DA:19,1
DA:20,1
DA:21,3
DA:23,1
DA:24,2
LF:10
LH:10
end_of_record
SF:modules\tv_series\lib\presentation\bloc\top_rated\top_rated_tv_series_state.dart
DA:4,6
DA:6,1
DA:7,1
DA:17,4
DA:19,1
DA:20,2
DA:26,3
DA:28,1
DA:29,2
LF:9
LH:9
end_of_record
SF:modules\tv_series\lib\presentation\bloc\tv_series_detail\tv_series_detail_event.dart
DA:4,2
DA:6,0
DA:7,0
DA:13,2
DA:15,0
DA:16,0
LF:6
LH:2
end_of_record
SF:modules\tv_series\lib\presentation\bloc\tv_series_detail\tv_series_detail_state.dart
DA:4,4
DA:6,1
DA:7,1
DA:17,3
DA:19,1
DA:20,2
DA:26,3
DA:28,1
DA:29,2
LF:9
LH:9
end_of_record
SF:modules\tv_series\lib\presentation\bloc\tv_series_detail\tv_series_detail_bloc.dart
DA:13,3
DA:14,2
DA:15,2
DA:17,3
DA:18,1
DA:19,1
DA:20,3
DA:22,1
DA:23,2
LF:9
LH:9
end_of_record
SF:modules\tv_series\lib\presentation\bloc\tv_series_recommendation\tv_series_recommendation_state.dart
DA:4,4
DA:6,1
DA:7,1
DA:17,2
DA:19,1
DA:20,2
DA:26,2
DA:28,1
DA:29,2
LF:9
LH:9
end_of_record
SF:modules\tv_series\lib\presentation\bloc\tv_series_recommendation\tv_series_recommendation_bloc.dart
DA:13,1
DA:14,2
DA:15,2
DA:16,2
DA:18,3
DA:19,1
DA:20,1
DA:21,3
DA:23,1
DA:24,2
LF:10
LH:10
end_of_record
SF:modules\tv_series\lib\presentation\bloc\tv_series_recommendation\tv_series_recommendation_event.dart
DA:4,2
DA:6,0
DA:7,0
DA:13,2
DA:15,0
DA:16,0
LF:6
LH:2
end_of_record
SF:modules\tv_series\lib\presentation\bloc\tv_series_watchlist_status\tv_series_watchlist_status_event.dart
DA:4,2
DA:6,0
DA:7,0
DA:13,2
DA:15,0
DA:16,0
DA:22,1
DA:24,0
DA:25,0
DA:31,1
DA:33,0
DA:34,0
DA:40,1
DA:42,0
DA:43,0
LF:15
LH:5
end_of_record
SF:modules\tv_series\lib\presentation\bloc\tv_series_watchlist_status\tv_series_watchlist_status_state.dart
DA:4,3
DA:6,1
DA:7,1
DA:19,3
DA:21,1
DA:22,1
DA:23,1
DA:24,1
DA:25,1
DA:26,1
LF:10
LH:10
end_of_record
SF:modules\tv_series\lib\presentation\bloc\tv_series_watchlist_status\tv_series_watchlist_status_bloc.dart
DA:15,1
DA:19,2
DA:20,2
DA:21,3
DA:22,2
DA:25,2
DA:26,3
DA:28,1
DA:29,1
DA:30,1
DA:32,1
DA:38,4
DA:40,2
DA:43,2
DA:44,3
DA:46,1
DA:47,1
DA:48,1
DA:50,1
DA:56,4
DA:58,2
DA:61,2
DA:62,3
LF:23
LH:23
end_of_record
SF:modules\tv_series\lib\presentation\bloc\watchlist\watchlist_tv_series_state.dart
DA:4,4
DA:6,1
DA:7,1
DA:17,3
DA:19,1
DA:20,2
DA:26,3
DA:28,1
DA:29,2
LF:9
LH:9
end_of_record
SF:modules\tv_series\lib\presentation\bloc\watchlist\watchlist_tv_series_event.dart
DA:4,2
DA:6,0
DA:7,0
LF:3
LH:1
end_of_record
SF:modules\tv_series\lib\presentation\bloc\watchlist\watchlist_tv_series_bloc.dart
DA:13,1
DA:14,2
DA:15,2
DA:16,2
DA:18,2
DA:19,1
DA:20,1
DA:21,3
DA:23,1
DA:24,2
LF:10
LH:10
end_of_record
SF:modules\tv_series\lib\presentation\pages\home_tv_series_page.dart
DA:12,1
DA:14,1
DA:15,1
DA:19,1
DA:21,1
DA:22,4
DA:23,4
DA:24,4
DA:27,1
DA:29,1
DA:30,1
DA:33,1
DA:34,1
DA:35,1
DA:43,1
DA:46,0
DA:47,0
DA:50,1
DA:53,0
DA:54,0
DA:60,1
DA:62,1
DA:63,1
DA:65,1
DA:66,1
DA:68,0
DA:69,0
DA:73,1
DA:74,1
DA:75,1
DA:79,1
DA:80,2
DA:89,1
DA:91,0
DA:92,0
DA:95,1
DA:96,1
DA:97,1
DA:101,1
DA:102,2
DA:111,1
DA:113,0
DA:114,0
DA:117,1
DA:118,1
DA:119,1
DA:123,1
DA:124,2
DA:140,1
DA:141,1
DA:143,1
DA:144,1
DA:146,1
DA:148,1
DA:165,1
DA:167,1
DA:169,1
DA:171,1
DA:173,0
DA:174,0
DA:175,0
DA:177,0
DA:178,0
DA:179,0
DA:182,0
DA:185,0
DA:187,0
DA:188,0
DA:189,0
DA:192,0
DA:198,2
LF:71
LH:49
end_of_record
SF:modules\tv_series\lib\presentation\pages\now_playing_tv_series_page.dart
DA:8,1
DA:10,1
DA:11,1
DA:15,1
DA:17,1
DA:18,4
DA:21,1
DA:23,1
DA:24,1
DA:27,1
DA:29,1
DA:30,1
DA:31,1
DA:35,1
DA:36,1
DA:37,0
DA:38,0
DA:39,0
DA:43,2
DA:45,1
DA:46,1
DA:48,2
LF:22
LH:19
end_of_record
SF:modules\tv_series\lib\presentation\pages\popular_tv_series_page.dart
DA:8,1
DA:10,1
DA:11,1
DA:15,1
DA:17,1
DA:18,4
DA:21,1
DA:23,1
DA:24,1
DA:27,1
DA:29,1
DA:30,1
DA:31,1
DA:35,1
DA:36,1
DA:37,0
DA:38,0
DA:39,0
DA:43,2
DA:45,1
DA:46,1
DA:48,2
LF:22
LH:19
end_of_record
SF:modules\tv_series\lib\presentation\pages\search_page_tv_series.dart
DA:9,1
DA:11,1
DA:13,1
DA:14,1
DA:17,1
DA:19,1
DA:21,1
DA:22,1
DA:23,0
DA:24,0
DA:34,1
DA:36,1
DA:38,1
DA:39,1
DA:40,1
DA:44,1
DA:45,1
DA:46,1
DA:47,1
DA:49,0
DA:50,0
DA:51,0
DA:53,1
DA:56,1
DA:57,1
DA:58,1
DA:59,1
DA:60,1
LF:28
LH:23
end_of_record
SF:modules\tv_series\lib\presentation\pages\season_detail_page.dart
DA:17,1
DA:20,1
DA:21,1
DA:25,1
DA:27,1
DA:28,1
DA:29,1
DA:30,6
DA:33,1
DA:35,1
DA:36,1
DA:37,1
DA:38,1
DA:42,1
DA:43,1
DA:44,1
DA:45,1
DA:49,1
DA:50,1
DA:51,1
DA:52,1
DA:57,0
DA:67,1
DA:69,1
DA:71,3
DA:72,1
DA:73,1
DA:74,1
DA:75,3
DA:76,2
DA:77,1
DA:79,1
DA:82,0
DA:84,1
DA:86,1
DA:87,1
DA:88,1
DA:98,1
DA:99,1
DA:100,1
DA:102,1
DA:104,1
DA:106,1
DA:107,1
DA:108,2
DA:109,1
DA:111,1
DA:112,1
DA:113,1
DA:114,3
DA:116,1
DA:122,4
DA:126,1
DA:128,1
DA:130,1
DA:131,2
DA:134,1
DA:136,1
DA:138,1
DA:139,1
DA:140,2
DA:141,1
DA:149,1
DA:151,1
DA:166,1
DA:168,1
DA:171,1
DA:173,0
DA:174,0
LF:69
LH:65
end_of_record
SF:modules\tv_series\lib\presentation\pages\top_rated_tv_series_page.dart
DA:8,1
DA:10,1
DA:11,1
DA:15,1
DA:17,1
DA:18,4
DA:21,1
DA:23,1
DA:24,1
DA:27,1
DA:29,1
DA:30,1
DA:31,1
DA:35,1
DA:36,1
DA:37,0
DA:38,0
DA:39,0
DA:43,2
DA:45,1
DA:46,1
DA:48,2
LF:22
LH:19
end_of_record
SF:modules\tv_series\lib\presentation\pages\tv_series_detail_page.dart
DA:18,1
DA:20,1
DA:21,1
DA:25,1
DA:27,1
DA:28,6
DA:29,1
DA:30,1
DA:31,4
DA:32,1
DA:33,1
DA:34,4
DA:37,1
DA:39,1
DA:40,1
DA:41,1
DA:42,1
DA:46,1
DA:47,1
DA:48,1
DA:49,1
DA:51,1
DA:52,1
DA:53,1
DA:54,1
DA:59,0
DA:70,1
DA:72,1
DA:74,3
DA:75,1
DA:76,1
DA:77,1
DA:78,3
DA:80,1
DA:83,0
DA:85,1
DA:87,1
DA:88,1
DA:89,1
DA:99,1
DA:100,1
DA:101,1
DA:103,1
DA:105,1
DA:107,1
DA:108,1
DA:109,2
DA:110,1
DA:112,1
DA:114,1
DA:115,1
DA:116,1
DA:118,1
DA:119,1
DA:120,1
DA:121,1
DA:123,0
DA:124,0
DA:125,0
DA:126,0
DA:127,0
DA:130,0
DA:131,0
DA:132,0
DA:134,1
DA:136,0
DA:138,0
DA:139,0
DA:141,0
DA:142,0
DA:143,0
DA:149,1
DA:150,0
DA:151,0
DA:153,0
DA:154,0
DA:155,0
DA:158,0
DA:159,0
DA:160,0
DA:163,1
DA:165,1
DA:166,1
DA:174,0
DA:178,1
DA:179,3
DA:181,1
DA:182,4
DA:184,3
DA:186,1
DA:187,1
DA:188,1
DA:189,3
DA:191,1
DA:197,4
DA:201,1
DA:203,1
DA:205,1
DA:206,2
DA:209,1
DA:211,1
DA:213,1
DA:214,1
DA:215,2
DA:216,1
DA:218,2
DA:223,1
DA:225,1
DA:227,1
DA:229,1
DA:230,1
DA:235,1
DA:236,0
DA:238,1
DA:239,1
DA:241,1
DA:243,0
DA:244,0
DA:245,0
DA:247,0
DA:248,0
DA:249,0
DA:252,0
DA:255,0
DA:260,0
DA:262,0
DA:263,0
DA:269,0
DA:276,2
DA:280,0
DA:289,1
DA:291,1
DA:306,1
DA:308,1
DA:311,1
DA:313,0
DA:314,0
DA:323,1
DA:325,2
DA:326,3
DA:329,1
DA:333,3
DA:336,1
DA:337,1
DA:338,1
DA:340,1
DA:341,0
DA:343,1
LF:148
LH:106
end_of_record
SF:modules\tv_series\lib\presentation\pages\watchlist_tv_series_page.dart
DA:8,1
DA:10,1
DA:11,1
DA:16,1
DA:18,1
DA:19,4
DA:22,1
DA:24,1
DA:25,4
DA:28,0
DA:30,0
DA:33,1
DA:35,2
DA:36,1
DA:39,1
DA:41,1
DA:42,1
DA:45,1
DA:47,1
DA:48,1
DA:49,1
DA:53,1
DA:54,1
DA:55,1
DA:56,2
DA:57,1
DA:61,2
DA:63,1
DA:64,1
DA:66,2
LF:30
LH:28
end_of_record
SF:modules\tv_series\lib\presentation\widgets\episode_card_list.dart
DA:12,1
DA:14,1
DA:16,1
DA:18,1
DA:19,0
DA:20,1
DA:21,1
DA:22,1
DA:24,1
DA:26,1
DA:27,3
DA:28,2
DA:29,1
DA:31,1
DA:34,0
DA:38,1
DA:41,1
DA:42,1
DA:43,6
DA:44,1
DA:45,2
DA:48,1
DA:52,1
DA:53,1
DA:54,1
DA:55,3
DA:57,1
DA:63,1
DA:64,3
LF:29
LH:27
end_of_record
SF:modules\tv_series\lib\presentation\widgets\season_card_list.dart
DA:14,1
DA:17,1
DA:19,1
DA:23,1
DA:24,0
DA:25,0
DA:28,0
DA:29,0
DA:30,0
DA:34,1
DA:35,1
DA:36,1
DA:38,1
DA:40,1
DA:41,3
DA:42,2
DA:43,1
DA:45,1
DA:48,0
DA:52,1
DA:55,1
DA:56,1
DA:57,6
DA:58,1
DA:59,2
DA:62,1
DA:66,1
DA:67,1
DA:68,1
DA:69,3
DA:71,1
DA:77,1
DA:78,3
LF:33
LH:27
end_of_record
SF:modules\tv_series\lib\presentation\widgets\tv_card_list.dart
DA:11,2
DA:13,1
DA:15,1
DA:17,1
DA:18,0
DA:19,0
DA:22,0
DA:25,1
DA:27,1
DA:28,1
DA:29,1
DA:35,1
DA:37,1
DA:38,1
DA:39,2
DA:42,1
DA:45,1
DA:46,2
DA:54,1
DA:59,1
DA:61,1
DA:62,3
DA:64,1
DA:67,0
LF:24
LH:20
end_of_record
